<?xml version="1.0" encoding="UTF-8"?>
<!-- Generated by org.testng.reporters.JUnitXMLReporter -->
<testsuite hostname="XIPLRAC037" ignored="0" name="Login to the application" tests="1" failures="1" timestamp="22 Mar 2019 14:06:42 GMT" time="88.553" errors="0">
  <testcase name="loginToEC" time="11.92" classname="Academy.MTC001Login">
    <failure type="java.lang.NullPointerException">
      <![CDATA[java.lang.NullPointerException
at pageObjects.LoginPage.userName(LoginPage.java:22)
at Helper.ApplicationFunctions.login(ApplicationFunctions.java:61)
at Academy.MTC001Login.loginToEC(MTC001Login.java:51)
... Removed 25 stack frames]]>
    </failure>
  </testcase> <!-- loginToEC -->
</testsuite> <!-- Login to the application -->
