<?xml version="1.0" encoding="UTF-8"?>
<!-- Generated by org.testng.reporters.JUnitXMLReporter -->
<testsuite ignored="7" hostname="XIPLRAC037" failures="2" tests="2" name="Test" time="1.021" errors="0" timestamp="11 Apr 2019 13:11:44 GMT">
  <testcase classname="resources.TestBase" name="@AfterTest teardown" time="0.029">
    <failure type="org.openqa.selenium.NoSuchSessionException" message="A session is either terminated or not started
Build info: version: &amp;apos;3.141.59&amp;apos;, revision: &amp;apos;e82be7d358&amp;apos;, time: &amp;apos;2018-11-14T08:17:03&amp;apos;
System info: host: &amp;apos;XIPLRAC037&amp;apos;, ip: &amp;apos;172.26.62.28&amp;apos;, os.name: &amp;apos;Windows 10&amp;apos;, os.arch: &amp;apos;amd64&amp;apos;, os.version: &amp;apos;10.0&amp;apos;, java.version: &amp;apos;11.0.1&amp;apos;
Driver info: io.appium.java_client.android.AndroidDriver
Capabilities {browserName: chrome, databaseEnabled: false, desired: {browserName: chrome, deviceName: android, platformName: android}, deviceManufacturer: HUAWEI, deviceModel: LLD-AL10, deviceName: J9F4C18208008447, deviceScreenSize: 1080x2160, deviceUDID: J9F4C18208008447, javascriptEnabled: true, locationContextEnabled: false, networkConnectionEnabled: true, platform: LINUX, platformName: Android, platformVersion: 8.0.0, takesScreenshot: true, warnings: {}, webStorageEnabled: false}
Session ID: 559aa6fa-badf-409c-8029-b448d73533d6">
      <![CDATA[org.openqa.selenium.NoSuchSessionException: A session is either terminated or not started
Build info: version: '3.141.59', revision: 'e82be7d358', time: '2018-11-14T08:17:03'
System info: host: 'XIPLRAC037', ip: '172.26.62.28', os.name: 'Windows 10', os.arch: 'amd64', os.version: '10.0', java.version: '11.0.1'
Driver info: io.appium.java_client.android.AndroidDriver
Capabilities {browserName: chrome, databaseEnabled: false, desired: {browserName: chrome, deviceName: android, platformName: android}, deviceManufacturer: HUAWEI, deviceModel: LLD-AL10, deviceName: J9F4C18208008447, deviceScreenSize: 1080x2160, deviceUDID: J9F4C18208008447, javascriptEnabled: true, locationContextEnabled: false, networkConnectionEnabled: true, platform: LINUX, platformName: Android, platformVersion: 8.0.0, takesScreenshot: true, warnings: {}, webStorageEnabled: false}
Session ID: 559aa6fa-badf-409c-8029-b448d73533d6
at org.openqa.selenium.remote.http.W3CHttpResponseCodec.createException(W3CHttpResponseCodec.java:187)
at org.openqa.selenium.remote.http.W3CHttpResponseCodec.decode(W3CHttpResponseCodec.java:122)
at org.openqa.selenium.remote.http.W3CHttpResponseCodec.decode(W3CHttpResponseCodec.java:49)
at org.openqa.selenium.remote.HttpCommandExecutor.execute(HttpCommandExecutor.java:158)
at io.appium.java_client.remote.AppiumCommandExecutor.execute(AppiumCommandExecutor.java:239)
at org.openqa.selenium.remote.RemoteWebDriver.execute(RemoteWebDriver.java:552)
at io.appium.java_client.DefaultGenericMobileDriver.execute(DefaultGenericMobileDriver.java:46)
at io.appium.java_client.AppiumDriver.execute(AppiumDriver.java:1)
at io.appium.java_client.android.AndroidDriver.execute(AndroidDriver.java:1)
at org.openqa.selenium.remote.RemoteWebDriver.close(RemoteWebDriver.java:442)
at resources.TestBase.teardown(TestBase.java:84)
... Removed 28 stack frames]]>
    </failure>
  </testcase> <!-- @AfterTest teardown -->
  <testcase classname="edgeConnectTest.MTC001Login" name="loginToECWithSSO" time="0.071">
    <failure type="org.openqa.selenium.NoSuchSessionException" message="A session is either terminated or not started
Build info: version: &amp;apos;3.141.59&amp;apos;, revision: &amp;apos;e82be7d358&amp;apos;, time: &amp;apos;2018-11-14T08:17:03&amp;apos;
System info: host: &amp;apos;XIPLRAC037&amp;apos;, ip: &amp;apos;172.26.62.28&amp;apos;, os.name: &amp;apos;Windows 10&amp;apos;, os.arch: &amp;apos;amd64&amp;apos;, os.version: &amp;apos;10.0&amp;apos;, java.version: &amp;apos;11.0.1&amp;apos;
Driver info: io.appium.java_client.android.AndroidDriver
Capabilities {browserName: chrome, databaseEnabled: false, desired: {browserName: chrome, deviceName: android, platformName: android}, deviceManufacturer: HUAWEI, deviceModel: LLD-AL10, deviceName: J9F4C18208008447, deviceScreenSize: 1080x2160, deviceUDID: J9F4C18208008447, javascriptEnabled: true, locationContextEnabled: false, networkConnectionEnabled: true, platform: LINUX, platformName: Android, platformVersion: 8.0.0, takesScreenshot: true, warnings: {}, webStorageEnabled: false}
Session ID: 559aa6fa-badf-409c-8029-b448d73533d6
*** Element info: {Using=link text, value=Login with SSO}">
      <![CDATA[org.openqa.selenium.NoSuchSessionException: A session is either terminated or not started
Build info: version: '3.141.59', revision: 'e82be7d358', time: '2018-11-14T08:17:03'
System info: host: 'XIPLRAC037', ip: '172.26.62.28', os.name: 'Windows 10', os.arch: 'amd64', os.version: '10.0', java.version: '11.0.1'
Driver info: io.appium.java_client.android.AndroidDriver
Capabilities {browserName: chrome, databaseEnabled: false, desired: {browserName: chrome, deviceName: android, platformName: android}, deviceManufacturer: HUAWEI, deviceModel: LLD-AL10, deviceName: J9F4C18208008447, deviceScreenSize: 1080x2160, deviceUDID: J9F4C18208008447, javascriptEnabled: true, locationContextEnabled: false, networkConnectionEnabled: true, platform: LINUX, platformName: Android, platformVersion: 8.0.0, takesScreenshot: true, warnings: {}, webStorageEnabled: false}
Session ID: 559aa6fa-badf-409c-8029-b448d73533d6
*** Element info: {Using=link text, value=Login with SSO}
at org.openqa.selenium.remote.http.W3CHttpResponseCodec.createException(W3CHttpResponseCodec.java:187)
at org.openqa.selenium.remote.http.W3CHttpResponseCodec.decode(W3CHttpResponseCodec.java:122)
at org.openqa.selenium.remote.http.W3CHttpResponseCodec.decode(W3CHttpResponseCodec.java:49)
at org.openqa.selenium.remote.HttpCommandExecutor.execute(HttpCommandExecutor.java:158)
at io.appium.java_client.remote.AppiumCommandExecutor.execute(AppiumCommandExecutor.java:239)
at org.openqa.selenium.remote.RemoteWebDriver.execute(RemoteWebDriver.java:552)
at io.appium.java_client.DefaultGenericMobileDriver.execute(DefaultGenericMobileDriver.java:42)
at io.appium.java_client.AppiumDriver.execute(AppiumDriver.java:1)
at io.appium.java_client.android.AndroidDriver.execute(AndroidDriver.java:1)
at org.openqa.selenium.remote.RemoteWebDriver.findElement(RemoteWebDriver.java:323)
at io.appium.java_client.DefaultGenericMobileDriver.findElement(DefaultGenericMobileDriver.java:62)
at io.appium.java_client.AppiumDriver.findElement(AppiumDriver.java:1)
at io.appium.java_client.android.AndroidDriver.findElement(AndroidDriver.java:1)
at org.openqa.selenium.remote.RemoteWebDriver.findElementByLinkText(RemoteWebDriver.java:380)
at io.appium.java_client.DefaultGenericMobileDriver.findElementByLinkText(DefaultGenericMobileDriver.java:79)
at io.appium.java_client.AppiumDriver.findElementByLinkText(AppiumDriver.java:1)
at io.appium.java_client.android.AndroidDriver.findElementByLinkText(AndroidDriver.java:1)
at org.openqa.selenium.By$ByLinkText.findElement(By.java:220)
at org.openqa.selenium.remote.RemoteWebDriver.findElement(RemoteWebDriver.java:315)
at io.appium.java_client.DefaultGenericMobileDriver.findElement(DefaultGenericMobileDriver.java:58)
at io.appium.java_client.AppiumDriver.findElement(AppiumDriver.java:1)
at io.appium.java_client.android.AndroidDriver.findElement(AndroidDriver.java:1)
at org.openqa.selenium.support.pagefactory.DefaultElementLocator.findElement(DefaultElementLocator.java:69)
at org.openqa.selenium.support.pagefactory.internal.LocatingElementHandler.invoke(LocatingElementHandler.java:38)
at com.sun.proxy.$Proxy30.click(Unknown Source)
at pageObjects.LoginPage.clickLinkLoginWithSSO(LoginPage.java:84)
at pageObjects.LoginPage.loginWithSSO(LoginPage.java:186)
at edgeConnectTest.MTC001Login.loginToECWithSSO(MTC001Login.java:54)
... Removed 29 stack frames]]>
    </failure>
  </testcase> <!-- loginToECWithSSO -->
  <testcase classname="edgeConnectTest.MTC001Login" name="loginToECWithSSO" time="0.131">
    <failure type="org.openqa.selenium.NoSuchSessionException" message="A session is either terminated or not started
Build info: version: &amp;apos;3.141.59&amp;apos;, revision: &amp;apos;e82be7d358&amp;apos;, time: &amp;apos;2018-11-14T08:17:03&amp;apos;
System info: host: &amp;apos;XIPLRAC037&amp;apos;, ip: &amp;apos;172.26.62.28&amp;apos;, os.name: &amp;apos;Windows 10&amp;apos;, os.arch: &amp;apos;amd64&amp;apos;, os.version: &amp;apos;10.0&amp;apos;, java.version: &amp;apos;11.0.1&amp;apos;
Driver info: io.appium.java_client.android.AndroidDriver
Capabilities {browserName: chrome, databaseEnabled: false, desired: {browserName: chrome, deviceName: android, platformName: android}, deviceManufacturer: HUAWEI, deviceModel: LLD-AL10, deviceName: J9F4C18208008447, deviceScreenSize: 1080x2160, deviceUDID: J9F4C18208008447, javascriptEnabled: true, locationContextEnabled: false, networkConnectionEnabled: true, platform: LINUX, platformName: Android, platformVersion: 8.0.0, takesScreenshot: true, warnings: {}, webStorageEnabled: false}
Session ID: 559aa6fa-badf-409c-8029-b448d73533d6">
      <![CDATA[org.openqa.selenium.NoSuchSessionException: A session is either terminated or not started
Build info: version: '3.141.59', revision: 'e82be7d358', time: '2018-11-14T08:17:03'
System info: host: 'XIPLRAC037', ip: '172.26.62.28', os.name: 'Windows 10', os.arch: 'amd64', os.version: '10.0', java.version: '11.0.1'
Driver info: io.appium.java_client.android.AndroidDriver
Capabilities {browserName: chrome, databaseEnabled: false, desired: {browserName: chrome, deviceName: android, platformName: android}, deviceManufacturer: HUAWEI, deviceModel: LLD-AL10, deviceName: J9F4C18208008447, deviceScreenSize: 1080x2160, deviceUDID: J9F4C18208008447, javascriptEnabled: true, locationContextEnabled: false, networkConnectionEnabled: true, platform: LINUX, platformName: Android, platformVersion: 8.0.0, takesScreenshot: true, warnings: {}, webStorageEnabled: false}
Session ID: 559aa6fa-badf-409c-8029-b448d73533d6
at org.openqa.selenium.remote.http.W3CHttpResponseCodec.createException(W3CHttpResponseCodec.java:187)
at org.openqa.selenium.remote.http.W3CHttpResponseCodec.decode(W3CHttpResponseCodec.java:122)
at org.openqa.selenium.remote.http.W3CHttpResponseCodec.decode(W3CHttpResponseCodec.java:49)
at org.openqa.selenium.remote.HttpCommandExecutor.execute(HttpCommandExecutor.java:158)
at io.appium.java_client.remote.AppiumCommandExecutor.execute(AppiumCommandExecutor.java:239)
at org.openqa.selenium.remote.RemoteWebDriver.execute(RemoteWebDriver.java:552)
at io.appium.java_client.DefaultGenericMobileDriver.execute(DefaultGenericMobileDriver.java:46)
at io.appium.java_client.AppiumDriver.execute(AppiumDriver.java:1)
at io.appium.java_client.android.AndroidDriver.execute(AndroidDriver.java:1)
at org.openqa.selenium.remote.RemoteWebDriver.getScreenshotAs(RemoteWebDriver.java:295)
at resources.TestBase.getScreenshot(TestBase.java:95)
at listeners.Listeners.onTestFailure(Listeners.java:27)
... Removed 26 stack frames]]>
    </failure>
  </testcase> <!-- loginToECWithSSO -->
  <testcase classname="edgeConnectTest.MTC001Login" name="loginToEC" time="0.0">
    <ignored/>
  </testcase> <!-- loginToEC -->
  <testcase classname="edgeConnectTest.MTC001Login" name="loginToECBlankPwd" time="0.0">
    <ignored/>
  </testcase> <!-- loginToECBlankPwd -->
  <testcase classname="resources.TestBase" name="@BeforeSuite initalize" time="0.0">
    <ignored/>
  </testcase> <!-- @BeforeSuite initalize -->
  <testcase classname="edgeConnectTest.MTC001Login" name="loginToECBlankId" time="0.0">
    <ignored/>
  </testcase> <!-- loginToECBlankId -->
  <testcase classname="edgeConnectTest.MTC001Login" name="loginToECInivalidId" time="0.0">
    <ignored/>
  </testcase> <!-- loginToECInivalidId -->
  <testcase classname="resources.TestBase" name="@AfterTest teardown" time="0.0">
    <ignored/>
  </testcase> <!-- @AfterTest teardown -->
  <testcase classname="edgeConnectTest.MTC001Login" name="loginToECToCheckFaliureInvalidData" time="0.0">
    <ignored/>
  </testcase> <!-- loginToECToCheckFaliureInvalidData -->
</testsuite> <!-- Test -->
