<?xml version="1.0" encoding="UTF-8"?>
<!-- Generated by org.testng.reporters.JUnitXMLReporter -->
<testsuite hostname="XIPLRAC037" ignored="0" name="validating title of the page" tests="1" failures="1" timestamp="15 Feb 2019 13:58:36 GMT" time="18.504" errors="0">
  <testcase name="basePageNavigation" time="0.137" classname="Academy.ValidateTitle">
    <failure type="java.lang.AssertionError" message="expected [FEATURED COURSES12] but found [FEATURED COURSES]">
      <![CDATA[java.lang.AssertionError: expected [FEATURED COURSES12] but found [FEATURED COURSES]
at Academy.ValidateTitle.basePageNavigation(ValidateTitle.java:35)
... Removed 31 stack frames]]>
    </failure>
  </testcase> <!-- basePageNavigation -->
</testsuite> <!-- validating title of the page -->
